✅ [MONGOINDEX][BOOT][SUCCESS] Completed index initialization. | success=76 | failed=0
[MONGOINDEX][ACTIONSTATE_RETENTION][INFO] Summary start.
[MONGOINDEX][ACTIONSTATE_RETENTION][INFO] actionStates summary. | status=OK | targeted=2/2 | requested=5 | created=5
[MONGOINDEX][ACTIONSTATE_RETENTION][INFO] actionStates target indexes. | indexes=idx_actionStates_retention_ttl, idx_actionStates_user_status_createdAt
[MONGOINDEX][ACTIONSTATE_RETENTION][INFO] Summary end.
[MONGOINDEX][PHASE7_ROLLING_ENROLLMENT][INFO] Summary start.
[MONGOINDEX][PHASE7_ROLLING_ENROLLMENT][INFO] schoolClassEnrollmentPeriods summary. | status=OK | targeted=3/3 | requested=8 | created=8
[MONGOINDEX][PHASE7_ROLLING_ENROLLMENT][INFO] schoolClassEnrollmentPeriods target indexes. | indexes=idx_school_class_enrollment_periods_org_class_student_dates, idx_school_class_enrollment_periods_org_student_status, idx_school_class_enrollment_periods_org_class_status
[MONGOINDEX][PHASE7_ROLLING_ENROLLMENT][INFO] schoolClasses summary. | status=OK | targeted=2/2 | requested=7 | created=7
[MONGOINDEX][PHASE7_ROLLING_ENROLLMENT][INFO] schoolClasses target indexes. | indexes=idx_school_classes_org_mode_cycle_group_no, idx_school_classes_org_cycle_dates
[MONGOINDEX][PHASE7_ROLLING_ENROLLMENT][INFO] Summary end.
[MONGOINDEX][EXAM_BUILDER_FOUNDATION][INFO] Summary start.
[MONGOINDEX][EXAM_BUILDER_FOUNDATION][INFO] schoolExamTemplates summary. | status=OK | targeted=2/2 | requested=4 | created=4
[MONGOINDEX][EXAM_BUILDER_FOUNDATION][INFO] schoolExamTemplates target indexes. | indexes=idx_school_exam_templates_org_status, idx_school_exam_templates_org_owner_status
[MONGOINDEX][EXAM_BUILDER_FOUNDATION][INFO] schoolExamRevisions summary. | status=OK | targeted=2/2 | requested=4 | created=4
[MONGOINDEX][EXAM_BUILDER_FOUNDATION][INFO] schoolExamRevisions target indexes. | indexes=idx_school_exam_revisions_org_template_revision, idx_school_exam_revisions_org_status_published
[MONGOINDEX][EXAM_BUILDER_FOUNDATION][INFO] schoolExamQuestions summary. | status=OK | targeted=1/1 | requested=4 | created=4
[MONGOINDEX][EXAM_BUILDER_FOUNDATION][INFO] schoolExamQuestions target indexes. | indexes=idx_school_exam_questions_org_revision_sequence
[MONGOINDEX][EXAM_BUILDER_FOUNDATION][INFO] schoolExamAllocations summary. | status=OK | targeted=2/2 | requested=4 | created=4
[MONGOINDEX][EXAM_BUILDER_FOUNDATION][INFO] schoolExamAllocations target indexes. | indexes=idx_school_exam_allocations_org_class_status, idx_school_exam_allocations_org_windows
[MONGOINDEX][EXAM_BUILDER_FOUNDATION][INFO] schoolExamAssignments summary. | status=OK | targeted=2/2 | requested=4 | created=4
[MONGOINDEX][EXAM_BUILDER_FOUNDATION][INFO] schoolExamAssignments target indexes. | indexes=idx_school_exam_assignments_org_allocation_student_status, idx_school_exam_assignments_org_student_status_start
[MONGOINDEX][EXAM_BUILDER_FOUNDATION][INFO] schoolExamAttempts summary. | status=OK | targeted=1/1 | requested=4 | created=4
[MONGOINDEX][EXAM_BUILDER_FOUNDATION][INFO] schoolExamAttempts target indexes. | indexes=idx_school_exam_attempts_org_assignment_status_started
[MONGOINDEX][EXAM_BUILDER_FOUNDATION][INFO] schoolExamAnswers summary. | status=OK | targeted=2/2 | requested=4 | created=4
[MONGOINDEX][EXAM_BUILDER_FOUNDATION][INFO] schoolExamAnswers target indexes. | indexes=idx_school_exam_answers_org_attempt_question, idx_school_exam_answers_org_attempt_status
[MONGOINDEX][EXAM_BUILDER_FOUNDATION][INFO] Summary end.
✅ [DATABACKEND][MONGO_CONNECTION][SUCCESS] Mongo connection established.
✅ [SETTINGS][CACHE][SUCCESS] System settings loaded into memory.
[PACKAGE_ROUTES][REGISTER][INFO] Processed route declarations for school. | packageId=school | requested=1 | prepared=1 | mounted=1 | failed=0
[PACKAGE_INSTALLER][ROUTES][INFO] Route registration complete for school. | packageId=school | requested=1 | prepared=1 | mounted=1 | failed=0
[PACKAGE_VIEWS][REGISTER][INFO] Processed view declarations for school. | packageId=school | requested=1 | registered=1 | failed=0
[PACKAGE_INSTALLER][VIEWS][INFO] View registration complete for school. | packageId=school | requested=1 | registered=1 | failed=0
[PACKAGE_ASSETS][REGISTER][INFO] Processed asset declarations for school. | packageId=school | requested=1 | mounted=0 | failed=0
[PACKAGE_INSTALLER][ASSETS][INFO] Asset registration complete for school. | packageId=school | requested=1 | mounted=0 | failed=0
[PACKAGE_INSTALLER][REGISTRY_SYNC][INFO] Registry sync complete for school. | packageId=school | operations=[object Object] | roles=[object Object] | sections=[object Object] | symbols=[object Object] | accesses=[object Object]
✅ [PACKAGE_LOADER][LOAD_OK][SUCCESS] Loaded package school. | mountPath=/school | manifestPath=C:\Users\Amin\myWebsite\Website-Core-Package\packages\school\package.manifest.json
[PACKAGE_ROUTES][REGISTER][INFO] Processed route declarations for pte. | packageId=pte | requested=6 | prepared=6 | mounted=1 | failed=0
[PACKAGE_INSTALLER][ROUTES][INFO] Route registration complete for pte. | packageId=pte | requested=6 | prepared=6 | mounted=1 | failed=0
[PACKAGE_VIEWS][REGISTER][INFO] Processed view declarations for pte. | packageId=pte | requested=1 | registered=1 | failed=0
[PACKAGE_INSTALLER][VIEWS][INFO] View registration complete for pte. | packageId=pte | requested=1 | registered=1 | failed=0
[PACKAGE_ASSETS][REGISTER][INFO] Processed asset declarations for pte. | packageId=pte | requested=1 | mounted=0 | failed=0
[PACKAGE_INSTALLER][ASSETS][INFO] Asset registration complete for pte. | packageId=pte | requested=1 | mounted=0 | failed=0
[PACKAGE_INSTALLER][REGISTRY_SYNC][INFO] Registry sync complete for pte. | packageId=pte | operations=[object Object] | roles=[object Object] | sections=[object Object] | symbols=[object Object] | accesses=[object Object]
✅ [PACKAGE_LOADER][LOAD_OK][SUCCESS] Loaded package pte. | mountPath=/pte | manifestPath=C:\Users\Amin\myWebsite\Website-Core-Package\packages\pte\package.manifest.json
[PACKAGE_LOADER][SUMMARY][INFO] Package loader finished. | enabled=2 | loaded=2 | failed=0
✅ [ACTIONSTATE][RETENTION][SUCCESS] Cleanup scheduler started. | intervalMinutes=30
[SMS][PROVIDER_STATUS][INFO] SMS provider readiness snapshot. | provider=twilio_verify | enabled=true | configured=true | active=true
✅ [APP][HTTP_SERVER][SUCCESS] Server listening. | url=http://localhost:3100
[APP][SETTINGS_SNAPSHOT][INFO] Loaded settings. | app={"defaultPageSize":50,"searchDefaultKeyword":"aaa","buildVersionOverride":"","uploadsPath":"/app/uploads","uploadFolders":{"core.fileManager":"misc","core.tasks":"tasks/{taskId}","core.symbols":"symbols","core.news":"news","core.chat":"chat/{conversationId}","core.contacts":"contacts","core.ielts":"ielts","core.emailTemplates":"email-templates","school.students":"students/{personId}","school.reportTemplates":"reports","school.examMedia":"school-exams/{templateId}/{questionId}","school.classWorkspace":"school/classes/{classId}","school.subjectWorkspace":"school/subjects/{subjectId}","generated.heic":"heic-converter/{jobDate}/{jobId}","generated.importReports":"importReports","generated.benchpathReports":"benchpath/reports"},"schoolCanonicalEnrollmentRead":false,"schoolCanonicalEnrollmentWrite":false,"schoolIntentionalConflictMode":false,"schoolReadModelsEnabled":false,"brand":{"appName":"Amin Pakenjad","appShortName":"Amin Pakenjad","tagline":"Learn, work, and thrive in new Education","logoUrl":"/uploads/GLOBAL/logo/PaknejadLogo/Logo1.png","iconSvgUrl":"/uploads/GLOBAL/logo/PaknejadLogo/Logo.svg","appleTouchIconUrl":"/uploads/GLOBAL/logo/PaknejadLogo/Logo1.png","themeColor":"#ffffff","ownerDisplayName":"Amin Paknejad","footerAboutTitle":"About Amin Paknejad","footerAboutText":"<b>Amin Paknejad</b>, PhD, is a Calgary-based engineer, software developer, and instructor. His work focuses on CFD, scientific computing, and building practical tools that make research and engineering workflows faster and more reliable.","footerLogoAlt":"Amin Paknejad","footerShowNewsletter":true,"instagramUrl":"https://www.instagram.com/amin83/","facebookUrl":"","linkedinUrl":"https://www.linkedin.com/in/amin-paknejad/","youtubeUrl":"","headerShowBuyMeACoffee":false,"headerBuyMeACoffeeUrl":"https://www.buymeacoffee.com/paknejad","headerBuyMeACoffeeLabel":"Support","headerBuyMeACoffeeText":"Buy me a coffee","headerBuyMeACoffeeTitle":"Support the work - one coffee at a time."},"contact":{"email":"paknejad@live.com","collegeEmail":"","phone":"+1 (437) 602 8720","address":"Calgary, Alberta","faxes":[],"emails":[{"title":"General Inquiries","email":"paknejad@live.com"},{"title":"School","email":"apaknejad@equilibrium.ab.ca"},{"title":"College","email":"amin.paknejad@robertsoncollege.ca"},{"title":"University","email":"apaknejad@ucalgary.ca"}],"phones":[{"title":"Phone","number":"+1 (437) 602 8720"}],"addresses":[{"title":"Address","address":"Calgary, Alberta"}],"fax":""},"contactPage":{"heroEyebrow":"Contact And Support","heroTitle":"Tell us what you need next.","heroSubtitle":"Send a message and we will reply with a recommended approach, timeline, and the details needed to move the work forward.","primaryCtaLabel":"Go To Form","emailCtaLabel":"Email Directly","followUpCtaLabel":"Follow Up","highlights":[{"title":"Clear Context","body":"Share goals, files, links, and constraints in one place."},{"title":"Follow-Up Code","body":"Track your submitted message later with your private code."},{"title":"Direct Route","body":"Use email if your request is urgent or already documented."}],"formEyebrow":"Message Details","formTitle":"Project / inquiry form","formSubtitle":"Share enough context for a useful first reply.","formHint":"Tip: If you include links, screenshots, or a short description of the decision you need to make, I can respond faster.","directContactKicker":"Reach Us","directContactTitle":"Direct Contact","directContactLead":"Choose the route that fits your request best. Email is usually the clearest option for detailed project context.","directContactMethodsTitle":"Contact Options","directContactMethodsSubtitle":"Use the saved contact details below to reach the right inbox, phone line, or location.","directContactEmailActionLabel":"Send email","directContactPhoneActionLabel":"Call now","directContactFaxActionLabel":"Call fax number","directContactDefaultActionLabel":"Open","aboutCardTitle":"About Me","aboutCardBody":"Best for detailed project context.","aboutCardButtonLabel":"Read About Me","aboutCardHref":"/about/","processEyebrow":"Experience","processTitle":"I Know The Process","processImages":[{"imageUrl":"/uploads/GLOBAL/misc/Engineering.jpg","alt":"Mega dust collector system with high efficiency fan.","caption":"Mega dust collector system with a high-efficiency fan for lower energy consumption."},{"imageUrl":"/uploads/GLOBAL/misc/Software.jpeg","alt":"Industrial software interface.","caption":"Industrial and heavy-duty software packages."}]},"publicMenu":{"defaultHomePath":"/","items":[{"id":"home","label":"Home","href":"/","icon":"bi-house","visibility":"all","target":"_self","active":true,"children":[]},{"id":"what-i-offer","label":"What I Offer","href":"/whatIOffer","icon":"bi-stars","visibility":"all","target":"_self","active":true,"children":[]},{"id":"news","label":"News","href":"/news","icon":"bi-newspaper","visibility":"all","target":"_self","active":true,"children":[]},{"id":"pte-test","label":"PTE Test","href":"/pte","icon":"bi-mortarboard","visibility":"all","target":"_self","active":true,"children":[]},{"id":"biography","label":"Biography","href":"/biography","icon":"bi-person-badge","visibility":"all","target":"_self","active":true,"children":[]},{"id":"contact","label":"Contact","href":"/contact","icon":"bi-envelope","visibility":"all","target":"_self","active":true,"children":[]},{"id":"about","label":"About","href":"/about","icon":"bi-info-circle","visibility":"all","target":"_self","active":true,"children":[]},{"id":"sign-in","label":"Sign In","href":"/login","icon":"bi-box-arrow-in-right","visibility":"guest","target":"_self","active":true,"children":[]}]}}
[ACTIONSTATE][RETENTION][INFO] Cleanup pass completed. | backfilled=0 | deleted=0
